{"level":"fatal","message":"Test de logger Fatal","timestamp":"2023-12-03T21:30:20.227Z"}
{"level":"error","message":"Test de logger Error","timestamp":"2023-12-03T21:30:20.229Z"}
{"level":"fatal","message":"Test de logger Fatal","timestamp":"2023-12-03T21:38:35.444Z"}
{"level":"error","message":"Test de logger Error","timestamp":"2023-12-03T21:38:35.446Z"}
{"level":"error","message":"El usuario adminCoder@coder.com quiso ingresar a una página que tiene permisos.","timestamp":"2023-12-03T22:03:12.537Z"}
{"level":"error","message":"El usuario adminCoder@coder.com quiso ingresar a una página que tiene permisos.","timestamp":"2023-12-03T22:06:55.184Z"}
{"level":"fatal","message":"Test de logger Fatal","timestamp":"2023-12-03T22:22:24.870Z"}
{"level":"error","message":"Test de logger Error","timestamp":"2023-12-03T22:22:24.871Z"}
{"level":"fatal","message":"Test de logger Fatal","timestamp":"2023-12-07T02:28:27.203Z"}
{"level":"error","message":"Test de logger Error","timestamp":"2023-12-07T02:28:27.206Z"}
{"level":"error","message":"El usuario {\n  _id: new ObjectId(\"6567eb427508271f02bb4111\"),\n  first_name: 'Leandro',\n  last_name: 'Martinez',\n  email: 'leandromart@hotmail.com',\n  age: 27,\n  password: '$2b$10$Egcw8GUFfuOO5LZXovLIR.vCyYp/cIevkO.SUeuBADW4PFkR2vb2a',\n  cart: new ObjectId(\"6567eb427508271f02bb410f\"),\n  role: 'user',\n  __v: 0\n} quiso accesder a su carrito 6567eb427508271f02bb410 y obtuvo un error","timestamp":"2023-12-07T03:07:52.305Z"}
{"level":"error","message":"El usuario leandromart@hotmail.com quiso accesder a su carrito 6567eb427508271f02bb41 y obtuvo un error","timestamp":"2023-12-07T03:09:07.629Z"}
{"level":"error","message":"El usuario leandromart@hotmail.com quiso ver el detalle del producto 6507a13256f257fb0fdda04ad y este no existe","timestamp":"2023-12-07T03:23:32.308Z"}
{"level":"error","message":"El usuario adminCoder@coder.com quiso ver el detalle del producto 659c949b296c186d95313a33 y este no existe","timestamp":"2024-02-12T01:24:11.893Z"}
{"level":"error","message":"El usuario adminCoder@coder.com quiso ver el detalle del producto 659c94e2296c186d95313a52 y este no existe","timestamp":"2024-02-12T01:24:33.634Z"}
{"level":"error","message":"El usuario adminCoder@coder.com quiso ver el detalle del producto 659cb08f35c180e3bfeb01f8 y este no existe","timestamp":"2024-02-12T01:25:30.369Z"}
{"level":"error","message":"El usuario leandromart@hotmail.com quiso ver el detalle del producto sdf y este no existe","timestamp":"2024-02-12T01:26:18.105Z"}
{"level":"error","message":"El usuario leandromart@hotmail.com quiso ver el detalle del producto sdf y este no existe","timestamp":"2024-02-12T01:27:21.580Z"}
{"level":"error","message":"El usuario leandromart@hotmail.com quiso ver el detalle del producto 65a0ab285966a1b1b683ad66 y este no existe","timestamp":"2024-02-12T01:27:23.660Z"}
{"level":"error","message":"El usuario leandromart@hotmail.com quiso ver el detalle del producto 659f17abf5a26b67001ed41d y este no existe","timestamp":"2024-02-12T01:27:38.057Z"}
{"level":"error","message":"El usuario leandromart@hotmail.com quiso ver el detalle del producto 659cb1e035c180e3bfeb0229 y este no existe","timestamp":"2024-02-12T01:28:15.771Z"}
{"level":"error","message":"El usuario leandromart@hotmail.com quiso ver el detalle del producto 659cb09b35c180e3bfeb0210 y este no existe","timestamp":"2024-02-12T01:33:15.057Z"}
{"level":"error","message":"El usuario leandromart@hotmail.com quiso ver el detalle del producto 659c9d9ea74811d46d4fce6f y este no existe","timestamp":"2024-02-12T01:34:34.865Z"}
{"level":"error","message":"El usuario leandromart@hotmail.com quiso ver el detalle del producto 65c97e2183ec99ba3f0653c1 y este no existe","timestamp":"2024-02-12T02:17:51.794Z"}
{"level":"error","message":"El producto no se pudo crear debido a que el codigo \"rem01\" ya existe","timestamp":"2024-02-12T02:21:52.469Z"}
{"level":"error","message":"El producto no se pudo crear debido a que el codigo \"rem01\" ya existe","timestamp":"2024-02-12T02:22:17.480Z"}
{"level":"error","message":"El producto no se pudo crear debido a que el codigo \"rem01\" ya existe","timestamp":"2024-02-12T02:22:47.772Z"}
{"level":"error","message":"El producto no se pudo crear debido a que el codigo \"cam01\" ya existe","timestamp":"2024-02-12T02:25:30.059Z"}
